<?xml version="1.0" encoding="UTF-8"?>
<coverage generated="1623989914837" clover="3.2.0">
  <project timestamp="1623989914837" name="All files">
    <metrics statements="53" coveredstatements="40" conditionals="10" coveredconditionals="4" methods="8" coveredmethods="6" elements="71" coveredelements="50" complexity="0" loc="53" ncloc="53" packages="1" files="2" classes="2"/>
    <file name="cards.js" path="/Users/charlestolentino/Documents/chazt128.github.io/js/cards.js">
      <metrics statements="53" coveredstatements="40" conditionals="10" coveredconditionals="4" methods="8" coveredmethods="6"/>
      <line num="5" count="1" type="stmt"/>
      <line num="6" count="18" type="stmt"/>
      <line num="18" count="4" type="stmt"/>
      <line num="20" count="1" type="stmt"/>
      <line num="21" count="2" type="stmt"/>
      <line num="22" count="2" type="stmt"/>
      <line num="23" count="2" type="stmt"/>
      <line num="24" count="2" type="stmt"/>
      <line num="26" count="2" type="stmt"/>
      <line num="27" count="2" type="stmt"/>
      <line num="29" count="2" type="stmt"/>
      <line num="30" count="6" type="stmt"/>
      <line num="31" count="6" type="stmt"/>
      <line num="32" count="6" type="stmt"/>
      <line num="35" count="2" type="cond" truecount="1" falsecount="1"/>
      <line num="36" count="2" type="stmt"/>
      <line num="37" count="4" type="stmt"/>
      <line num="38" count="4" type="stmt"/>
      <line num="39" count="4" type="stmt"/>
      <line num="45" count="1" type="stmt"/>
      <line num="47" count="1" type="cond" truecount="1" falsecount="1"/>
      <line num="48" count="1" type="stmt"/>
      <line num="49" count="1" type="stmt"/>
      <line num="54" count="0" type="stmt"/>
      <line num="55" count="0" type="stmt"/>
      <line num="56" count="0" type="stmt"/>
      <line num="57" count="0" type="stmt"/>
      <line num="59" count="0" type="cond" truecount="0" falsecount="2"/>
      <line num="60" count="0" type="stmt"/>
      <line num="61" count="0" type="stmt"/>
      <line num="62" count="0" type="stmt"/>
      <line num="64" count="0" type="stmt"/>
      <line num="65" count="0" type="stmt"/>
      <line num="68" count="0" type="stmt"/>
      <line num="69" count="0" type="stmt"/>
      <line num="70" count="0" type="stmt"/>
      <line num="76" count="2" type="stmt"/>
      <line num="77" count="2" type="stmt"/>
      <line num="78" count="2" type="stmt"/>
      <line num="80" count="2" type="stmt"/>
      <line num="81" count="18" type="stmt"/>
      <line num="82" count="18" type="cond" truecount="0" falsecount="2"/>
      <line num="85" count="2" type="stmt"/>
      <line num="86" count="2" type="stmt"/>
      <line num="91" count="2" type="stmt"/>
      <line num="92" count="2" type="stmt"/>
      <line num="94" count="2" type="stmt"/>
      <line num="95" count="18" type="stmt"/>
      <line num="96" count="18" type="cond" truecount="2" falsecount="0"/>
      <line num="97" count="6" type="stmt"/>
      <line num="99" count="12" type="stmt"/>
      <line num="103" count="2" type="stmt"/>
      <line num="107" count="1" type="stmt"/>
    </file>
    <file name="projects.min.js" path="/Users/charlestolentino/Documents/chazt128.github.io/js/projects.min.js">
      <metrics statements="0" coveredstatements="0" conditionals="0" coveredconditionals="0" methods="0" coveredmethods="0"/>
    </file>
  </project>
</coverage>
