{"/Users/charlestolentino/Documents/chazt128.github.io/js/cards.js": {"path":"/Users/charlestolentino/Documents/chazt128.github.io/js/cards.js","statementMap":{"0":{"start":{"line":5,"column":21},"end":{"line":16,"column":1}},"1":{"start":{"line":6,"column":2},"end":{"line":15,"column":10}},"2":{"start":{"line":18,"column":21},"end":{"line":18,"column":121}},"3":{"start":{"line":18,"column":38},"end":{"line":18,"column":121}},"4":{"start":{"line":20,"column":24},"end":{"line":42,"column":1}},"5":{"start":{"line":21,"column":22},"end":{"line":21,"column":60}},"6":{"start":{"line":22,"column":21},"end":{"line":22,"column":58}},"7":{"start":{"line":23,"column":23},"end":{"line":23,"column":62}},"8":{"start":{"line":24,"column":27},"end":{"line":24,"column":70}},"9":{"start":{"line":26,"column":2},"end":{"line":26,"column":33}},"10":{"start":{"line":27,"column":2},"end":{"line":27,"column":28}},"11":{"start":{"line":29,"column":2},"end":{"line":33,"column":3}},"12":{"start":{"line":30,"column":18},"end":{"line":30,"column":46}},"13":{"start":{"line":31,"column":4},"end":{"line":31,"column":31}},"14":{"start":{"line":32,"column":4},"end":{"line":32,"column":42}},"15":{"start":{"line":35,"column":2},"end":{"line":41,"column":3}},"16":{"start":{"line":36,"column":4},"end":{"line":40,"column":5}},"17":{"start":{"line":37,"column":30},"end":{"line":37,"column":38}},"18":{"start":{"line":38,"column":23},"end":{"line":38,"column":48}},"19":{"start":{"line":39,"column":6},"end":{"line":39,"column":43}},"20":{"start":{"line":45,"column":16},"end":{"line":45,"column":59}},"21":{"start":{"line":47,"column":2},"end":{"line":50,"column":3}},"22":{"start":{"line":48,"column":4},"end":{"line":48,"column":32}},"23":{"start":{"line":49,"column":4},"end":{"line":49,"column":39}},"24":{"start":{"line":54,"column":16},"end":{"line":54,"column":59}},"25":{"start":{"line":55,"column":22},"end":{"line":55,"column":60}},"26":{"start":{"line":56,"column":21},"end":{"line":56,"column":58}},"27":{"start":{"line":57,"column":23},"end":{"line":57,"column":62}},"28":{"start":{"line":58,"column":27},"end":{"line":58,"column":70}},"29":{"start":{"line":60,"column":2},"end":{"line":73,"column":3}},"30":{"start":{"line":61,"column":4},"end":{"line":61,"column":35}},"31":{"start":{"line":62,"column":4},"end":{"line":62,"column":33}},"32":{"start":{"line":63,"column":4},"end":{"line":63,"column":24}},"33":{"start":{"line":65,"column":4},"end":{"line":67,"column":5}},"34":{"start":{"line":66,"column":6},"end":{"line":66,"column":64}},"35":{"start":{"line":69,"column":25},"end":{"line":69,"column":72}},"36":{"start":{"line":70,"column":4},"end":{"line":72,"column":5}},"37":{"start":{"line":71,"column":6},"end":{"line":71,"column":31}},"38":{"start":{"line":77,"column":16},"end":{"line":77,"column":55}},"39":{"start":{"line":78,"column":23},"end":{"line":78,"column":57}},"40":{"start":{"line":79,"column":27},"end":{"line":79,"column":59}},"41":{"start":{"line":81,"column":2},"end":{"line":84,"column":3}},"42":{"start":{"line":82,"column":4},"end":{"line":82,"column":46}},"43":{"start":{"line":83,"column":4},"end":{"line":83,"column":87}},"44":{"start":{"line":83,"column":44},"end":{"line":83,"column":85}},"45":{"start":{"line":86,"column":2},"end":{"line":86,"column":53}},"46":{"start":{"line":87,"column":2},"end":{"line":87,"column":57}},"47":{"start":{"line":92,"column":23},"end":{"line":92,"column":62}},"48":{"start":{"line":93,"column":19},"end":{"line":93,"column":54}},"49":{"start":{"line":95,"column":2},"end":{"line":102,"column":3}},"50":{"start":{"line":96,"column":19},"end":{"line":96,"column":59}},"51":{"start":{"line":97,"column":4},"end":{"line":101,"column":5}},"52":{"start":{"line":98,"column":6},"end":{"line":98,"column":41}},"53":{"start":{"line":100,"column":6},"end":{"line":100,"column":37}},"54":{"start":{"line":104,"column":2},"end":{"line":104,"column":17}},"55":{"start":{"line":108,"column":0},"end":{"line":117,"column":2}}},"fnMap":{"0":{"name":"(anonymous_0)","decl":{"start":{"line":5,"column":21},"end":{"line":5,"column":22}},"loc":{"start":{"line":5,"column":53},"end":{"line":16,"column":1}},"line":5},"1":{"name":"(anonymous_1)","decl":{"start":{"line":18,"column":21},"end":{"line":18,"column":22}},"loc":{"start":{"line":18,"column":38},"end":{"line":18,"column":121}},"line":18},"2":{"name":"(anonymous_2)","decl":{"start":{"line":20,"column":24},"end":{"line":20,"column":25}},"loc":{"start":{"line":20,"column":64},"end":{"line":42,"column":1}},"line":20},"3":{"name":"openModal","decl":{"start":{"line":44,"column":9},"end":{"line":44,"column":18}},"loc":{"start":{"line":44,"column":21},"end":{"line":51,"column":1}},"line":44},"4":{"name":"closeModal","decl":{"start":{"line":53,"column":9},"end":{"line":53,"column":19}},"loc":{"start":{"line":53,"column":22},"end":{"line":74,"column":1}},"line":53},"5":{"name":"addListeners","decl":{"start":{"line":76,"column":9},"end":{"line":76,"column":21}},"loc":{"start":{"line":76,"column":24},"end":{"line":88,"column":1}},"line":76},"6":{"name":"(anonymous_6)","decl":{"start":{"line":83,"column":35},"end":{"line":83,"column":36}},"loc":{"start":{"line":83,"column":44},"end":{"line":83,"column":85}},"line":83},"7":{"name":"generateProjectCards","decl":{"start":{"line":91,"column":24},"end":{"line":91,"column":44}},"loc":{"start":{"line":91,"column":47},"end":{"line":105,"column":1}},"line":91}},"branchMap":{"0":{"loc":{"start":{"line":35,"column":2},"end":{"line":41,"column":3}},"type":"if","locations":[{"start":{"line":35,"column":2},"end":{"line":41,"column":3}},{"start":{"line":35,"column":2},"end":{"line":41,"column":3}}],"line":35},"1":{"loc":{"start":{"line":47,"column":2},"end":{"line":50,"column":3}},"type":"if","locations":[{"start":{"line":47,"column":2},"end":{"line":50,"column":3}},{"start":{"line":47,"column":2},"end":{"line":50,"column":3}}],"line":47},"2":{"loc":{"start":{"line":60,"column":2},"end":{"line":73,"column":3}},"type":"if","locations":[{"start":{"line":60,"column":2},"end":{"line":73,"column":3}},{"start":{"line":60,"column":2},"end":{"line":73,"column":3}}],"line":60},"3":{"loc":{"start":{"line":83,"column":44},"end":{"line":83,"column":85}},"type":"binary-expr","locations":[{"start":{"line":83,"column":44},"end":{"line":83,"column":65}},{"start":{"line":83,"column":69},"end":{"line":83,"column":85}}],"line":83},"4":{"loc":{"start":{"line":97,"column":4},"end":{"line":101,"column":5}},"type":"if","locations":[{"start":{"line":97,"column":4},"end":{"line":101,"column":5}},{"start":{"line":97,"column":4},"end":{"line":101,"column":5}}],"line":97}},"s":{"0":1,"1":9,"2":1,"3":2,"4":1,"5":1,"6":1,"7":1,"8":1,"9":1,"10":1,"11":1,"12":2,"13":2,"14":2,"15":1,"16":1,"17":2,"18":2,"19":2,"20":0,"21":0,"22":0,"23":0,"24":0,"25":0,"26":0,"27":0,"28":0,"29":0,"30":0,"31":0,"32":0,"33":0,"34":0,"35":0,"36":0,"37":0,"38":1,"39":1,"40":1,"41":1,"42":9,"43":9,"44":0,"45":1,"46":1,"47":1,"48":1,"49":1,"50":9,"51":9,"52":3,"53":6,"54":1,"55":1},"f":{"0":9,"1":2,"2":1,"3":0,"4":0,"5":1,"6":0,"7":1},"b":{"0":[1,0],"1":[0,0],"2":[0,0],"3":[0,0],"4":[3,6]},"_coverageSchema":"1a1c01bbd47fc00a2c39e90264f33305004495a9","hash":"439c296eb46d7d3b77e729d41761f52ca4b19d3c"}
,"/Users/charlestolentino/Documents/chazt128.github.io/js/projects.min.js": {"path":"/Users/charlestolentino/Documents/chazt128.github.io/js/projects.min.js","statementMap":{},"fnMap":{},"branchMap":{},"s":{},"f":{},"b":{},"_coverageSchema":"1a1c01bbd47fc00a2c39e90264f33305004495a9","hash":"465605b2b6840bc3d4bf19d4e3a3e41517df732b"}
}
