{"/Users/charlestolentino/Documents/chazt128.github.io/js/cards.js": {"path":"/Users/charlestolentino/Documents/chazt128.github.io/js/cards.js","statementMap":{"0":{"start":{"line":5,"column":21},"end":{"line":16,"column":1}},"1":{"start":{"line":6,"column":2},"end":{"line":15,"column":10}},"2":{"start":{"line":18,"column":21},"end":{"line":18,"column":121}},"3":{"start":{"line":18,"column":38},"end":{"line":18,"column":121}},"4":{"start":{"line":20,"column":24},"end":{"line":42,"column":1}},"5":{"start":{"line":21,"column":22},"end":{"line":21,"column":60}},"6":{"start":{"line":22,"column":21},"end":{"line":22,"column":58}},"7":{"start":{"line":23,"column":23},"end":{"line":23,"column":62}},"8":{"start":{"line":24,"column":27},"end":{"line":24,"column":70}},"9":{"start":{"line":26,"column":2},"end":{"line":26,"column":33}},"10":{"start":{"line":27,"column":2},"end":{"line":27,"column":28}},"11":{"start":{"line":29,"column":2},"end":{"line":33,"column":3}},"12":{"start":{"line":30,"column":18},"end":{"line":30,"column":46}},"13":{"start":{"line":31,"column":4},"end":{"line":31,"column":31}},"14":{"start":{"line":32,"column":4},"end":{"line":32,"column":42}},"15":{"start":{"line":35,"column":2},"end":{"line":41,"column":3}},"16":{"start":{"line":36,"column":4},"end":{"line":40,"column":5}},"17":{"start":{"line":37,"column":30},"end":{"line":37,"column":38}},"18":{"start":{"line":38,"column":23},"end":{"line":38,"column":48}},"19":{"start":{"line":39,"column":6},"end":{"line":39,"column":43}},"20":{"start":{"line":45,"column":16},"end":{"line":45,"column":59}},"21":{"start":{"line":47,"column":2},"end":{"line":50,"column":3}},"22":{"start":{"line":48,"column":4},"end":{"line":48,"column":32}},"23":{"start":{"line":49,"column":4},"end":{"line":49,"column":39}},"24":{"start":{"line":54,"column":16},"end":{"line":54,"column":59}},"25":{"start":{"line":55,"column":22},"end":{"line":55,"column":60}},"26":{"start":{"line":56,"column":21},"end":{"line":56,"column":58}},"27":{"start":{"line":57,"column":27},"end":{"line":57,"column":70}},"28":{"start":{"line":59,"column":2},"end":{"line":72,"column":3}},"29":{"start":{"line":60,"column":4},"end":{"line":60,"column":35}},"30":{"start":{"line":61,"column":4},"end":{"line":61,"column":33}},"31":{"start":{"line":62,"column":4},"end":{"line":62,"column":24}},"32":{"start":{"line":64,"column":4},"end":{"line":66,"column":5}},"33":{"start":{"line":65,"column":6},"end":{"line":65,"column":64}},"34":{"start":{"line":68,"column":25},"end":{"line":68,"column":72}},"35":{"start":{"line":69,"column":4},"end":{"line":71,"column":5}},"36":{"start":{"line":70,"column":6},"end":{"line":70,"column":31}},"37":{"start":{"line":76,"column":16},"end":{"line":76,"column":55}},"38":{"start":{"line":77,"column":23},"end":{"line":77,"column":57}},"39":{"start":{"line":78,"column":27},"end":{"line":78,"column":59}},"40":{"start":{"line":80,"column":2},"end":{"line":83,"column":3}},"41":{"start":{"line":81,"column":4},"end":{"line":81,"column":46}},"42":{"start":{"line":82,"column":4},"end":{"line":82,"column":87}},"43":{"start":{"line":82,"column":44},"end":{"line":82,"column":85}},"44":{"start":{"line":85,"column":2},"end":{"line":85,"column":53}},"45":{"start":{"line":86,"column":2},"end":{"line":86,"column":57}},"46":{"start":{"line":91,"column":23},"end":{"line":91,"column":62}},"47":{"start":{"line":92,"column":19},"end":{"line":92,"column":54}},"48":{"start":{"line":94,"column":2},"end":{"line":101,"column":3}},"49":{"start":{"line":95,"column":19},"end":{"line":95,"column":59}},"50":{"start":{"line":96,"column":4},"end":{"line":100,"column":5}},"51":{"start":{"line":97,"column":6},"end":{"line":97,"column":41}},"52":{"start":{"line":99,"column":6},"end":{"line":99,"column":37}},"53":{"start":{"line":103,"column":2},"end":{"line":103,"column":17}},"54":{"start":{"line":107,"column":0},"end":{"line":116,"column":2}}},"fnMap":{"0":{"name":"(anonymous_0)","decl":{"start":{"line":5,"column":21},"end":{"line":5,"column":22}},"loc":{"start":{"line":5,"column":53},"end":{"line":16,"column":1}},"line":5},"1":{"name":"(anonymous_1)","decl":{"start":{"line":18,"column":21},"end":{"line":18,"column":22}},"loc":{"start":{"line":18,"column":38},"end":{"line":18,"column":121}},"line":18},"2":{"name":"(anonymous_2)","decl":{"start":{"line":20,"column":24},"end":{"line":20,"column":25}},"loc":{"start":{"line":20,"column":64},"end":{"line":42,"column":1}},"line":20},"3":{"name":"openModal","decl":{"start":{"line":44,"column":9},"end":{"line":44,"column":18}},"loc":{"start":{"line":44,"column":21},"end":{"line":51,"column":1}},"line":44},"4":{"name":"closeModal","decl":{"start":{"line":53,"column":9},"end":{"line":53,"column":19}},"loc":{"start":{"line":53,"column":22},"end":{"line":73,"column":1}},"line":53},"5":{"name":"addListeners","decl":{"start":{"line":75,"column":9},"end":{"line":75,"column":21}},"loc":{"start":{"line":75,"column":24},"end":{"line":87,"column":1}},"line":75},"6":{"name":"(anonymous_6)","decl":{"start":{"line":82,"column":35},"end":{"line":82,"column":36}},"loc":{"start":{"line":82,"column":44},"end":{"line":82,"column":85}},"line":82},"7":{"name":"generateProjectCards","decl":{"start":{"line":90,"column":24},"end":{"line":90,"column":44}},"loc":{"start":{"line":90,"column":47},"end":{"line":104,"column":1}},"line":90}},"branchMap":{"0":{"loc":{"start":{"line":35,"column":2},"end":{"line":41,"column":3}},"type":"if","locations":[{"start":{"line":35,"column":2},"end":{"line":41,"column":3}},{"start":{"line":35,"column":2},"end":{"line":41,"column":3}}],"line":35},"1":{"loc":{"start":{"line":47,"column":2},"end":{"line":50,"column":3}},"type":"if","locations":[{"start":{"line":47,"column":2},"end":{"line":50,"column":3}},{"start":{"line":47,"column":2},"end":{"line":50,"column":3}}],"line":47},"2":{"loc":{"start":{"line":59,"column":2},"end":{"line":72,"column":3}},"type":"if","locations":[{"start":{"line":59,"column":2},"end":{"line":72,"column":3}},{"start":{"line":59,"column":2},"end":{"line":72,"column":3}}],"line":59},"3":{"loc":{"start":{"line":82,"column":44},"end":{"line":82,"column":85}},"type":"binary-expr","locations":[{"start":{"line":82,"column":44},"end":{"line":82,"column":65}},{"start":{"line":82,"column":69},"end":{"line":82,"column":85}}],"line":82},"4":{"loc":{"start":{"line":96,"column":4},"end":{"line":100,"column":5}},"type":"if","locations":[{"start":{"line":96,"column":4},"end":{"line":100,"column":5}},{"start":{"line":96,"column":4},"end":{"line":100,"column":5}}],"line":96}},"s":{"0":1,"1":18,"2":1,"3":4,"4":1,"5":2,"6":2,"7":2,"8":2,"9":2,"10":2,"11":2,"12":6,"13":6,"14":6,"15":2,"16":2,"17":4,"18":4,"19":4,"20":1,"21":1,"22":1,"23":1,"24":0,"25":0,"26":0,"27":0,"28":0,"29":0,"30":0,"31":0,"32":0,"33":0,"34":0,"35":0,"36":0,"37":2,"38":2,"39":2,"40":2,"41":18,"42":18,"43":0,"44":2,"45":2,"46":2,"47":2,"48":2,"49":18,"50":18,"51":6,"52":12,"53":2,"54":1},"f":{"0":18,"1":4,"2":2,"3":1,"4":0,"5":2,"6":0,"7":2},"b":{"0":[2,0],"1":[1,0],"2":[0,0],"3":[0,0],"4":[6,12]},"_coverageSchema":"1a1c01bbd47fc00a2c39e90264f33305004495a9","hash":"7c7d2fbdf99556f87779f35db8a2609ddd65edd9"}
,"/Users/charlestolentino/Documents/chazt128.github.io/js/projects.min.js": {"path":"/Users/charlestolentino/Documents/chazt128.github.io/js/projects.min.js","statementMap":{},"fnMap":{},"branchMap":{},"s":{},"f":{},"b":{},"_coverageSchema":"1a1c01bbd47fc00a2c39e90264f33305004495a9","hash":"465605b2b6840bc3d4bf19d4e3a3e41517df732b"}
}
