TN:
SF:cards.js
FN:5,(anonymous_0)
FN:18,(anonymous_1)
FN:20,(anonymous_2)
FN:44,openModal
FN:53,closeModal
FN:76,addListeners
FN:83,(anonymous_6)
FN:91,generateProjectCards
FNF:8
FNH:5
FNDA:9,(anonymous_0)
FNDA:2,(anonymous_1)
FNDA:1,(anonymous_2)
FNDA:0,openModal
FNDA:0,closeModal
FNDA:1,addListeners
FNDA:0,(anonymous_6)
FNDA:1,generateProjectCards
DA:5,1
DA:6,9
DA:18,2
DA:20,1
DA:21,1
DA:22,1
DA:23,1
DA:24,1
DA:26,1
DA:27,1
DA:29,1
DA:30,2
DA:31,2
DA:32,2
DA:35,1
DA:36,1
DA:37,2
DA:38,2
DA:39,2
DA:45,0
DA:47,0
DA:48,0
DA:49,0
DA:54,0
DA:55,0
DA:56,0
DA:57,0
DA:58,0
DA:60,0
DA:61,0
DA:62,0
DA:63,0
DA:65,0
DA:66,0
DA:69,0
DA:70,0
DA:71,0
DA:77,1
DA:78,1
DA:79,1
DA:81,1
DA:82,9
DA:83,9
DA:86,1
DA:87,1
DA:92,1
DA:93,1
DA:95,1
DA:96,9
DA:97,9
DA:98,3
DA:100,6
DA:104,1
DA:108,1
LF:54
LH:36
BRDA:35,0,0,1
BRDA:35,0,1,0
BRDA:47,1,0,0
BRDA:47,1,1,0
BRDA:60,2,0,0
BRDA:60,2,1,0
BRDA:83,3,0,0
BRDA:83,3,1,0
BRDA:97,4,0,3
BRDA:97,4,1,6
BRF:10
BRH:3
end_of_record
TN:
SF:projects.min.js
FNF:0
FNH:0
LF:0
LH:0
BRF:0
BRH:0
end_of_record
