TN:
SF:cards.js
FN:5,(anonymous_0)
FN:18,(anonymous_1)
FN:20,(anonymous_2)
FN:44,openModal
FN:53,closeModal
FN:75,addListeners
FN:82,(anonymous_6)
FN:90,generateProjectCards
FNF:8
FNH:6
FNDA:18,(anonymous_0)
FNDA:4,(anonymous_1)
FNDA:2,(anonymous_2)
FNDA:1,openModal
FNDA:0,closeModal
FNDA:2,addListeners
FNDA:0,(anonymous_6)
FNDA:2,generateProjectCards
DA:5,1
DA:6,18
DA:18,4
DA:20,1
DA:21,2
DA:22,2
DA:23,2
DA:24,2
DA:26,2
DA:27,2
DA:29,2
DA:30,6
DA:31,6
DA:32,6
DA:35,2
DA:36,2
DA:37,4
DA:38,4
DA:39,4
DA:45,1
DA:47,1
DA:48,1
DA:49,1
DA:54,0
DA:55,0
DA:56,0
DA:57,0
DA:59,0
DA:60,0
DA:61,0
DA:62,0
DA:64,0
DA:65,0
DA:68,0
DA:69,0
DA:70,0
DA:76,2
DA:77,2
DA:78,2
DA:80,2
DA:81,18
DA:82,18
DA:85,2
DA:86,2
DA:91,2
DA:92,2
DA:94,2
DA:95,18
DA:96,18
DA:97,6
DA:99,12
DA:103,2
DA:107,1
LF:53
LH:40
BRDA:35,0,0,2
BRDA:35,0,1,0
BRDA:47,1,0,1
BRDA:47,1,1,0
BRDA:59,2,0,0
BRDA:59,2,1,0
BRDA:82,3,0,0
BRDA:82,3,1,0
BRDA:96,4,0,6
BRDA:96,4,1,12
BRF:10
BRH:4
end_of_record
TN:
SF:projects.min.js
FNF:0
FNH:0
LF:0
LH:0
BRF:0
BRH:0
end_of_record
